<?xml version="1.0" encoding="UTF-8"?>
<!-- Generated by org.testng.reporters.JUnitXMLReporter -->
<testsuite ignored="2" hostname="Neeta-Toronto" failures="0" tests="1" name="Default test" time="1.835" errors="0" timestamp="2023-12-14T13:07:52 EST">
  <testcase classname="testLayer.HttpRequests" name="GETusers2" time="1.802"/>
  <testcase classname="testLayer.HttpRequests" name="GETusers" time="0.0">
    <ignored/>
  </testcase> <!-- GETusers -->
  <testcase classname="testLayer.HttpRequests" name="GETusers1" time="0.0">
    <ignored/>
  </testcase> <!-- GETusers1 -->
</testsuite> <!-- Default test -->
