<?xml version="1.0" encoding="UTF-8"?>
<testng-results ignored="2" total="3" passed="1" failed="0" skipped="0">
  <reporter-output>
  </reporter-output>
  <suite started-at="2023-12-14T13:07:50 EST" name="Default suite" finished-at="2023-12-14T13:07:52 EST" duration-ms="1835">
    <groups>
    </groups>
    <test started-at="2023-12-14T13:07:50 EST" name="Default test" finished-at="2023-12-14T13:07:52 EST" duration-ms="1835">
      <class name="testLayer.HttpRequests">
        <test-method signature="GETusers2()[pri:0, instance:testLayer.HttpRequests@48f2bd5b]" started-at="2023-12-14T13:07:50 EST" name="GETusers2" finished-at="2023-12-14T13:07:52 EST" duration-ms="1802" status="PASS">
          <reporter-output>
          </reporter-output>
        </test-method> <!-- GETusers2 -->
      </class> <!-- testLayer.HttpRequests -->
    </test> <!-- Default test -->
  </suite> <!-- Default suite -->
</testng-results>
